c:\users\tabu1\documents\vst dev\mu-law\build\mu_law.dir\debug\myplugincontroller.obj
c:\users\tabu1\documents\vst dev\mu-law\build\mu_law.dir\debug\mypluginentry.obj
c:\users\tabu1\documents\vst dev\mu-law\build\mu_law.dir\debug\mypluginprocessor.obj
c:\users\tabu1\documents\vst dev\mu-law\build\mu_law.dir\debug\dllmain.obj
c:\users\tabu1\documents\vst dev\mu-law\build\mu_law.dir\debug\vc143.pdb
c:\users\tabu1\documents\vst dev\mu-law\build\mu_law.dir\debug\vc143.idb
c:\users\tabu1\documents\vst dev\mu-law\build\vst3\debug\mu_law.vst3\contents\resources\snapshots\c0da704676815b919799ddce9eff8fc1_snapshot.png
c:\users\tabu1\documents\vst dev\mu-law\build\vst3\debug\mu_law.vst3\contents\resources\snapshots\c0da704676815b919799ddce9eff8fc1_snapshot_2.0x.png
c:\users\tabu1\documents\vst dev\mu-law\build\cmakefiles\generate.stamp
c:\users\tabu1\documents\vst dev\mu-law\build\mu_law.dir\debug\win32resource.res
c:\users\tabu1\documents\vst dev\mu-law\build\lib\debug\mu_law.lib
c:\users\tabu1\documents\vst dev\mu-law\build\lib\debug\mu_law.exp
c:\users\tabu1\documents\vst dev\mu-law\build\mu_law.dir\debug\mu_law.ilk
c:\users\tabu1\documents\vst dev\mu-law\build\mu_law.dir\debug\mu_law.tlog\cl.command.1.tlog
c:\users\tabu1\documents\vst dev\mu-law\build\mu_law.dir\debug\mu_law.tlog\cl.items.tlog
c:\users\tabu1\documents\vst dev\mu-law\build\mu_law.dir\debug\mu_law.tlog\cl.read.1.tlog
c:\users\tabu1\documents\vst dev\mu-law\build\mu_law.dir\debug\mu_law.tlog\cl.write.1.tlog
c:\users\tabu1\documents\vst dev\mu-law\build\mu_law.dir\debug\mu_law.tlog\custombuild.command.1.tlog
c:\users\tabu1\documents\vst dev\mu-law\build\mu_law.dir\debug\mu_law.tlog\custombuild.read.1.tlog
c:\users\tabu1\documents\vst dev\mu-law\build\mu_law.dir\debug\mu_law.tlog\custombuild.write.1.tlog
c:\users\tabu1\documents\vst dev\mu-law\build\mu_law.dir\debug\mu_law.tlog\link.22848-cvtres.read.1.tlog
c:\users\tabu1\documents\vst dev\mu-law\build\mu_law.dir\debug\mu_law.tlog\link.22848-cvtres.write.1.tlog
c:\users\tabu1\documents\vst dev\mu-law\build\mu_law.dir\debug\mu_law.tlog\link.22848-rc.read.1.tlog
c:\users\tabu1\documents\vst dev\mu-law\build\mu_law.dir\debug\mu_law.tlog\link.22848-rc.write.1.tlog
c:\users\tabu1\documents\vst dev\mu-law\build\mu_law.dir\debug\mu_law.tlog\link.22848.read.1.tlog
c:\users\tabu1\documents\vst dev\mu-law\build\mu_law.dir\debug\mu_law.tlog\link.22848.read.2.tlog
c:\users\tabu1\documents\vst dev\mu-law\build\mu_law.dir\debug\mu_law.tlog\link.22848.read.3.tlog
c:\users\tabu1\documents\vst dev\mu-law\build\mu_law.dir\debug\mu_law.tlog\link.22848.read.4.tlog
c:\users\tabu1\documents\vst dev\mu-law\build\mu_law.dir\debug\mu_law.tlog\link.22848.read.5.tlog
c:\users\tabu1\documents\vst dev\mu-law\build\mu_law.dir\debug\mu_law.tlog\link.22848.write.1.tlog
c:\users\tabu1\documents\vst dev\mu-law\build\mu_law.dir\debug\mu_law.tlog\link.command.1.tlog
c:\users\tabu1\documents\vst dev\mu-law\build\mu_law.dir\debug\mu_law.tlog\link.read.1.tlog
c:\users\tabu1\documents\vst dev\mu-law\build\mu_law.dir\debug\mu_law.tlog\link.secondary.1.tlog
c:\users\tabu1\documents\vst dev\mu-law\build\mu_law.dir\debug\mu_law.tlog\link.write.1.tlog
c:\users\tabu1\documents\vst dev\mu-law\build\mu_law.dir\debug\mu_law.tlog\rc.command.1.tlog
c:\users\tabu1\documents\vst dev\mu-law\build\mu_law.dir\debug\mu_law.tlog\rc.read.1.tlog
c:\users\tabu1\documents\vst dev\mu-law\build\mu_law.dir\debug\mu_law.tlog\rc.write.1.tlog
