c:\users\tabu1\documents\vst dev\mu-law\build\vst3sdk\public.sdk\sdk_common.dir\debug\systemclipboard_win32.obj
c:\users\tabu1\documents\vst dev\mu-law\build\vst3sdk\public.sdk\sdk_common.dir\debug\threadchecker_linux.obj
c:\users\tabu1\documents\vst dev\mu-law\build\vst3sdk\public.sdk\sdk_common.dir\debug\systemclipboard_linux.obj
c:\users\tabu1\documents\vst dev\mu-law\build\vst3sdk\public.sdk\sdk_common.dir\debug\vstpresetfile.obj
c:\users\tabu1\documents\vst dev\mu-law\build\vst3sdk\public.sdk\sdk_common.dir\debug\openurl.obj
c:\users\tabu1\documents\vst dev\mu-law\build\vst3sdk\public.sdk\sdk_common.dir\debug\readfile.obj
c:\users\tabu1\documents\vst dev\mu-law\build\vst3sdk\public.sdk\sdk_common.dir\debug\threadchecker_win32.obj
c:\users\tabu1\documents\vst dev\mu-law\build\vst3sdk\public.sdk\sdk_common.dir\debug\commoniids.obj
c:\users\tabu1\documents\vst dev\mu-law\build\lib\debug\sdk_common.pdb
c:\users\tabu1\documents\vst dev\mu-law\build\vst3sdk\public.sdk\cmakefiles\generate.stamp
c:\users\tabu1\documents\vst dev\mu-law\build\lib\debug\sdk_common.lib
c:\users\tabu1\documents\vst dev\mu-law\build\vst3sdk\public.sdk\sdk_common.dir\debug\sdk_common.tlog\cl.23404.write.1.tlog
c:\users\tabu1\documents\vst dev\mu-law\build\vst3sdk\public.sdk\sdk_common.dir\debug\sdk_common.tlog\cl.command.1.tlog
c:\users\tabu1\documents\vst dev\mu-law\build\vst3sdk\public.sdk\sdk_common.dir\debug\sdk_common.tlog\cl.items.tlog
c:\users\tabu1\documents\vst dev\mu-law\build\vst3sdk\public.sdk\sdk_common.dir\debug\sdk_common.tlog\cl.read.1.tlog
c:\users\tabu1\documents\vst dev\mu-law\build\vst3sdk\public.sdk\sdk_common.dir\debug\sdk_common.tlog\custombuild.command.1.tlog
c:\users\tabu1\documents\vst dev\mu-law\build\vst3sdk\public.sdk\sdk_common.dir\debug\sdk_common.tlog\custombuild.read.1.tlog
c:\users\tabu1\documents\vst dev\mu-law\build\vst3sdk\public.sdk\sdk_common.dir\debug\sdk_common.tlog\custombuild.write.1.tlog
c:\users\tabu1\documents\vst dev\mu-law\build\vst3sdk\public.sdk\sdk_common.dir\debug\sdk_common.tlog\lib-link.read.1.tlog
c:\users\tabu1\documents\vst dev\mu-law\build\vst3sdk\public.sdk\sdk_common.dir\debug\sdk_common.tlog\lib-link.write.1.tlog
c:\users\tabu1\documents\vst dev\mu-law\build\vst3sdk\public.sdk\sdk_common.dir\debug\sdk_common.tlog\lib.command.1.tlog
