c:\users\tabu1\documents\vst dev\mu-law\build\vst3sdk\public.sdk\sdk_hosting.dir\debug\hostclasses.obj
c:\users\tabu1\documents\vst dev\mu-law\build\vst3sdk\public.sdk\sdk_hosting.dir\debug\parameterchanges.obj
c:\users\tabu1\documents\vst dev\mu-law\build\vst3sdk\public.sdk\sdk_hosting.dir\debug\module.obj
c:\users\tabu1\documents\vst dev\mu-law\build\vst3sdk\public.sdk\sdk_hosting.dir\debug\stringconvert.obj
c:\users\tabu1\documents\vst dev\mu-law\build\vst3sdk\public.sdk\sdk_hosting.dir\debug\vstinitiids.obj
c:\users\tabu1\documents\vst dev\mu-law\build\vst3sdk\public.sdk\sdk_hosting.dir\debug\connectionproxy.obj
c:\users\tabu1\documents\vst dev\mu-law\build\vst3sdk\public.sdk\sdk_hosting.dir\debug\pluginterfacesupport.obj
c:\users\tabu1\documents\vst dev\mu-law\build\vst3sdk\public.sdk\sdk_hosting.dir\debug\processdata.obj
c:\users\tabu1\documents\vst dev\mu-law\build\vst3sdk\public.sdk\sdk_hosting.dir\debug\eventlist.obj
c:\users\tabu1\documents\vst dev\mu-law\build\lib\debug\sdk_hosting.pdb
c:\users\tabu1\documents\vst dev\mu-law\build\vst3sdk\public.sdk\cmakefiles\generate.stamp
c:\users\tabu1\documents\vst dev\mu-law\build\lib\debug\sdk_hosting.lib
c:\users\tabu1\documents\vst dev\mu-law\build\vst3sdk\public.sdk\sdk_hosting.dir\debug\sdk_hosting.tlog\cl.17540.write.1.tlog
c:\users\tabu1\documents\vst dev\mu-law\build\vst3sdk\public.sdk\sdk_hosting.dir\debug\sdk_hosting.tlog\cl.command.1.tlog
c:\users\tabu1\documents\vst dev\mu-law\build\vst3sdk\public.sdk\sdk_hosting.dir\debug\sdk_hosting.tlog\cl.items.tlog
c:\users\tabu1\documents\vst dev\mu-law\build\vst3sdk\public.sdk\sdk_hosting.dir\debug\sdk_hosting.tlog\cl.read.1.tlog
c:\users\tabu1\documents\vst dev\mu-law\build\vst3sdk\public.sdk\sdk_hosting.dir\debug\sdk_hosting.tlog\custombuild.command.1.tlog
c:\users\tabu1\documents\vst dev\mu-law\build\vst3sdk\public.sdk\sdk_hosting.dir\debug\sdk_hosting.tlog\custombuild.read.1.tlog
c:\users\tabu1\documents\vst dev\mu-law\build\vst3sdk\public.sdk\sdk_hosting.dir\debug\sdk_hosting.tlog\custombuild.write.1.tlog
c:\users\tabu1\documents\vst dev\mu-law\build\vst3sdk\public.sdk\sdk_hosting.dir\debug\sdk_hosting.tlog\lib-link.read.1.tlog
c:\users\tabu1\documents\vst dev\mu-law\build\vst3sdk\public.sdk\sdk_hosting.dir\debug\sdk_hosting.tlog\lib-link.write.1.tlog
c:\users\tabu1\documents\vst dev\mu-law\build\vst3sdk\public.sdk\sdk_hosting.dir\debug\sdk_hosting.tlog\lib.command.1.tlog
